Build started 31/01/2017 04:10:24.
     1>Project "C:\Users\Robbie\Desktop\4th Year\Real World Sim\P3\ResourceManagerComponent\ResourceManagerComponent\ResourceManagerComponent\ResourceManagerComponent.vcxproj" on node 2 (Build target(s)).
     1>ClCompile:
         C:\Program Files (x86)\Microsoft Visual Studio 12.0\VC\bin\CL.exe /c /I"C:\Users\Robbie\Desktop\4th Year\Real World Sim\P3\ResourceManagerComponent\ResourceManagerComponent\ResourceManagerComponent\include" /ZI /nologo /W3 /WX- /sdl /Od /Oy- /D WIN32 /D _DEBUG /D _CONSOLE /D _LIB /D _UNICODE /D UNICODE /Gm /EHsc /RTC1 /MDd /GS /fp:precise /Zc:wchar_t /Zc:forScope /Yu"stdafx.h" /Fp"Debug\ResourceManagerComponent.pch" /Fo"Debug\\" /Fd"Debug\vc120.pdb" /Gd /TP /analyze- /errorReport:prompt Game.cpp ResourceManager.cpp ResourceManagerComponent.cpp
         Game.cpp
     1>c:\users\robbie\desktop\4th year\real world sim\p3\resourcemanagercomponent\resourcemanagercomponent\resourcemanagercomponent\game.cpp(69): warning C4551: function call missing argument list
     1>c:\users\robbie\desktop\4th year\real world sim\p3\resourcemanagercomponent\resourcemanagercomponent\resourcemanagercomponent\game.cpp(88): warning C4244: 'initializing' : conversion from 'Uint32' to 'float', possible loss of data
     1>c:\users\robbie\desktop\4th year\real world sim\p3\resourcemanagercomponent\resourcemanagercomponent\resourcemanagercomponent\game.cpp(89): warning C4244: 'initializing' : conversion from 'double' to 'float', possible loss of data
     1>c:\users\robbie\desktop\4th year\real world sim\p3\resourcemanagercomponent\resourcemanagercomponent\resourcemanagercomponent\game.cpp(96): warning C4244: '=' : conversion from 'float' to 'unsigned int', possible loss of data
     1>c:\users\robbie\desktop\4th year\real world sim\p3\resourcemanagercomponent\resourcemanagercomponent\resourcemanagercomponent\game.cpp(127): warning C4060: switch statement contains no 'case' or 'default' labels
     1>c:\users\robbie\desktop\4th year\real world sim\p3\resourcemanagercomponent\resourcemanagercomponent\resourcemanagercomponent\game.cpp(286): warning C4018: '>=' : signed/unsigned mismatch
         Generating Code...
         Skipping... (no relevant changes detected)
         ResourceManagerComponent.cpp
         ResourceManager.cpp
       Link:
         C:\Program Files (x86)\Microsoft Visual Studio 12.0\VC\bin\link.exe /ERRORREPORT:PROMPT /OUT:"C:\Users\Robbie\Desktop\4th Year\Real World Sim\P3\ResourceManagerComponent\ResourceManagerComponent\Debug\ResourceManagerComponent.exe" /INCREMENTAL /NOLOGO /LIBPATH:"C:\Users\Robbie\Desktop\4th Year\Real World Sim\P3\ResourceManagerComponent\ResourceManagerComponent\ResourceManagerComponent\lib/x86" SDL2.lib SDL2main.lib SDL2_image.lib SDL2_mixer.lib kernel32.lib user32.lib gdi32.lib winspool.lib comdlg32.lib advapi32.lib shell32.lib ole32.lib oleaut32.lib uuid.lib odbc32.lib odbccp32.lib /MANIFEST /MANIFESTUAC:"level='asInvoker' uiAccess='false'" /manifest:embed /DEBUG /PDB:"C:\Users\Robbie\Desktop\4th Year\Real World Sim\P3\ResourceManagerComponent\ResourceManagerComponent\Debug\ResourceManagerComponent.pdb" /SUBSYSTEM:CONSOLE /TLBID:1 /DYNAMICBASE /NXCOMPAT /IMPLIB:"C:\Users\Robbie\Desktop\4th Year\Real World Sim\P3\ResourceManagerComponent\ResourceManagerComponent\Debug\ResourceManagerComponent.lib" /MACHINE:X86 Debug\Game.obj
         Debug\ResourceManager.obj
         Debug\ResourceManagerComponent.obj
         Debug\stdafx.obj
         ResourceManagerComponent.vcxproj -> C:\Users\Robbie\Desktop\4th Year\Real World Sim\P3\ResourceManagerComponent\ResourceManagerComponent\Debug\ResourceManagerComponent.exe
     1>Done Building Project "C:\Users\Robbie\Desktop\4th Year\Real World Sim\P3\ResourceManagerComponent\ResourceManagerComponent\ResourceManagerComponent\ResourceManagerComponent.vcxproj" (Build target(s)).

Build succeeded.

Time Elapsed 00:00:01.07
